0 info it worked if it ends with ok
1 verbose cli [ 'C:\\Program Files\\nodejs\\node.exe',
1 verbose cli   'C:\\Users\\Brian\\AppData\\Roaming\\npm\\node_modules\\npm\\bin\\npm-cli.js',
1 verbose cli   'run',
1 verbose cli   'serve' ]
2 info using npm@4.1.1
3 info using node@v6.2.2
4 verbose run-script [ 'preserve', 'serve', 'postserve' ]
5 info lifecycle semantic-pattern-playground@1.0.0~preserve: semantic-pattern-playground@1.0.0
6 silly lifecycle semantic-pattern-playground@1.0.0~preserve: no script for preserve, continuing
7 info lifecycle semantic-pattern-playground@1.0.0~serve: semantic-pattern-playground@1.0.0
8 verbose lifecycle semantic-pattern-playground@1.0.0~serve: unsafe-perm in lifecycle true
9 verbose lifecycle semantic-pattern-playground@1.0.0~serve: PATH: C:\Users\Brian\AppData\Roaming\npm\node_modules\npm\bin\node-gyp-bin;C:\code\spikes\pattern-sandbox\node_modules\.bin;C:\Python27\;C:\Python27\Scripts;C:\Users\Brian;C:\Program Files (x86)\iis express\PHP\v5.6;C:\Windows\System32;C:\Program Files (x86)\Common Files\GTK\2.0\bin;C:\Program Files (x86)\Windows Kits\8.1\Windows Performance Toolkit\;C:\Program Files (x86)\Bitvise SSH Client;C:\Users\Brian\AppData\Roaming\npm;C:\Program Files (x86)\Microsoft SDKs\TypeScript\1.7\;C:\Program Files (x86)\PuTTY;C:\Program Files\OpenSSH\bin;C:\Program Files (x86)\Git\cmd;C:\Program Files (x86)\MySQL\MySQL Fabric 1.5.3 & MySQL Utilities 1.5.3 1.5\;C:\Program Files (x86)\MySQL\MySQL Fabric 1.5.3 & MySQL Utilities 1.5.3 1.5\Doctrine extensions for PHP\;C:\Program Files (x86)\JetBrains\Nitra;C:\Program Files (x86)\Skype\Phone\;C:\Windows\System32\WindowsPowerShell\v1.0;C:\Strawberry\c\bin;C:\Strawberry\perl\site\bin;C:\Strawberry\perl\bin;C:\Program Files (x86)\QuickTime\QTSystem\;C:\Program Files\Intel\WiFi\bin\;C:\Program Files\Common Files\Intel\WirelessCommon\;C:\Program Files\Microsoft SQL Server\110\Tools\Binn\;C:\Program Files (x86)\Microsoft SQL Server\110\Tools\Binn\ManagementStudio\;C:\Program Files (x86)\Microsoft SQL Server\110\Tools\Binn\;C:\Program Files (x86)\Microsoft SQL Server\110\DTS\Binn\;C:\WINDOWS\system32;C:\WINDOWS;C:\WINDOWS\System32\Wbem;C:\WINDOWS\System32\WindowsPowerShell\v1.0\;C:\Program Files\TortoiseGit\bin;C:\Program Files\Perforce;C:\Program Files\Microsoft SQL Server\120\Tools\Binn\;C:\Program Files\Microsoft SQL Server\Client SDK\ODBC\110\Tools\Binn\;C:\Program Files (x86)\Microsoft SQL Server\120\Tools\Binn\;C:\Program Files\Microsoft SQL Server\120\DTS\Binn\;C:\Program Files (x86)\Microsoft SQL Server\120\Tools\Binn\ManagementStudio\;C:\Program Files (x86)\Microsoft SQL Server\120\DTS\Binn\;C:\Program Files (x86)\Microsoft SQL Server\130\Tools\Binn\ManagementStudio\;C:\Program Files (x86)\Microsoft SQL Server\130\Tools\Binn\;C:\Program Files (x86)\Microsoft SQL Server\Client SDK\ODBC\110\Tools\Binn\;C:\Program Files (x86)\Microsoft SQL Server\130\DTS\Binn\;C:\Program Files\nodejs\;C:\WINDOWS\system32\config\systemprofile\.dnx\bin;C:\Program Files\Microsoft;C:\Program Files\MongoDB\Server\3.2\bin;C:\Users\Brian\AppData\Local\Programs\Git\cmd;C:\Program Files\nodejs\;C:\Program Files\Microsoft SQL Server\120\Tools\Binn\;c:\Program Files\Microsoft SQL Server\Client SDK\ODBC\110\Tools\Binn\;c:\Program Files\Microsoft SQL Server\120\DTS\Binn\;c:\Program Files (x86)\Microsoft SQL Server\120\Tools\Binn\ManagementStudio\;c:\Program Files (x86)\Microsoft SQL Server\120\Tools\Binn\;c:\Program Files (x86)\Microsoft SQL Server\120\DTS\Binn\;C:\Program Files\Microsoft SQL Server\130\Tools\Binn\;C:\Program Files\dotnet\;C:\Program Files\Microsoft DNX\Dnvm\;C:\Program Files (x86)\Skype\Phone\;C:\Ruby23-x64\bin;C:\Users\Brian\.dnx\runtimes\dnx-clr-win-x86.1.0.0-beta4\bin;C:\Users\Brian\.dnx\bin;C:\Windows\System32;C:\Program Files (x86)\JetBrains\Nitra;C:\Users\Brian\AppData\Local\atom\bin;C:\Users\Brian\AppData\Local\Programs\Git\cmd;C:\Program Files (x86)\Microsoft VS Code\bin;C:\Users\Brian\AppData\Roaming\npm;C:\Users\Brian\AppData\Local\Microsoft\WindowsApps
10 verbose lifecycle semantic-pattern-playground@1.0.0~serve: CWD: C:\code\spikes\pattern-sandbox
11 silly lifecycle semantic-pattern-playground@1.0.0~serve: Args: [ '/d /s /c',
11 silly lifecycle   'node core/build_manifest.js && webpack-dev-server' ]
12 silly lifecycle semantic-pattern-playground@1.0.0~serve: Returned: code: 1  signal: null
13 info lifecycle semantic-pattern-playground@1.0.0~serve: Failed to exec serve script
14 verbose stack Error: semantic-pattern-playground@1.0.0 serve: `node core/build_manifest.js && webpack-dev-server`
14 verbose stack Exit status 1
14 verbose stack     at EventEmitter.<anonymous> (C:\Users\Brian\AppData\Roaming\npm\node_modules\npm\lib\utils\lifecycle.js:279:16)
14 verbose stack     at emitTwo (events.js:106:13)
14 verbose stack     at EventEmitter.emit (events.js:191:7)
14 verbose stack     at ChildProcess.<anonymous> (C:\Users\Brian\AppData\Roaming\npm\node_modules\npm\lib\utils\spawn.js:40:14)
14 verbose stack     at emitTwo (events.js:106:13)
14 verbose stack     at ChildProcess.emit (events.js:191:7)
14 verbose stack     at maybeClose (internal/child_process.js:852:16)
14 verbose stack     at Process.ChildProcess._handle.onexit (internal/child_process.js:215:5)
15 verbose pkgid semantic-pattern-playground@1.0.0
16 verbose cwd C:\code\spikes\pattern-sandbox
17 error Windows_NT 10.0.14393
18 error argv "C:\\Program Files\\nodejs\\node.exe" "C:\\Users\\Brian\\AppData\\Roaming\\npm\\node_modules\\npm\\bin\\npm-cli.js" "run" "serve"
19 error node v6.2.2
20 error npm  v4.1.1
21 error code ELIFECYCLE
22 error semantic-pattern-playground@1.0.0 serve: `node core/build_manifest.js && webpack-dev-server`
22 error Exit status 1
23 error Failed at the semantic-pattern-playground@1.0.0 serve script 'node core/build_manifest.js && webpack-dev-server'.
23 error Make sure you have the latest version of node.js and npm installed.
23 error If you do, this is most likely a problem with the semantic-pattern-playground package,
23 error not with npm itself.
23 error Tell the author that this fails on your system:
23 error     node core/build_manifest.js && webpack-dev-server
23 error You can get information on how to open an issue for this project with:
23 error     npm bugs semantic-pattern-playground
23 error Or if that isn't available, you can get their info via:
23 error     npm owner ls semantic-pattern-playground
23 error There is likely additional logging output above.
24 verbose exit [ 1, true ]
